<?xml version="1.0" encoding="UTF-8"?>
<!-- Generated by org.testng.reporters.JUnitReportReporter -->
<testsuite skipped="0" hostname="Apple-no-MacBook-Pro.local" name="com.automate.test.search.TestSearchFunctionality" tests="3" failures="0" timestamp="2021-02-18T07:45:28 JST" time="7.776" errors="0">
  <testcase name="test1" time="7.773" classname="com.automate.test.search.TestSearchFunctionality"/>
  <system-out/>
  <testcase name="test2" time="0.001" classname="com.automate.test.search.TestSearchFunctionality"/>
  <system-out/>
  <testcase name="test3" time="0.002" classname="com.automate.test.search.TestSearchFunctionality"/>
  <system-out/>
</testsuite> <!-- com.automate.test.search.TestSearchFunctionality -->
